Build started 2015/5/2 12:26:22.
     1>Project "E:\Users\YiN\Documents\GitHub\C---Learning-Test\20150502\20150502\20150502.vcxproj" on node 2 (Build target(s)).
     1>ClCompile:
         C:\Program Files (x86)\Microsoft Visual Studio 14.0\VC\bin\CL.exe /c /ZI /nologo /W3 /WX- /Od /Oy- /D WIN32 /D _DEBUG /D _CONSOLE /D _UNICODE /D UNICODE /Gm /EHsc /RTC1 /MDd /GS /fp:precise /Zc:wchar_t /Zc:forScope /Zc:inline /Fo"Debug\\" /Fd"Debug\vc140.pdb" /Gd /TP /analyze- /errorReport:prompt "常量指针.cpp"
         常量指针.cpp
       Link:
         C:\Program Files (x86)\Microsoft Visual Studio 14.0\VC\bin\link.exe /ERRORREPORT:PROMPT /OUT:"E:\Users\YiN\Documents\GitHub\C---Learning-Test\20150502\Debug\20150502.exe" /INCREMENTAL /NOLOGO kernel32.lib user32.lib gdi32.lib winspool.lib comdlg32.lib advapi32.lib shell32.lib ole32.lib oleaut32.lib uuid.lib odbc32.lib odbccp32.lib /MANIFEST /MANIFESTUAC:"level='asInvoker' uiAccess='false'" /manifest:embed /Debug /PDB:"E:\Users\YiN\Documents\GitHub\C---Learning-Test\20150502\Debug\20150502.pdb" /SUBSYSTEM:CONSOLE /TLBID:1 /DYNAMICBASE /NXCOMPAT /IMPLIB:"E:\Users\YiN\Documents\GitHub\C---Learning-Test\20150502\Debug\20150502.lib" /MACHINE:X86 Debug\Pointer.obj
         Debug\Pointer1.obj
         Debug\Pointer2.obj
         Debug\Pointer3.obj
         Debug\Pointer4.obj
         Debug\Pointer5.obj
         Debug\Pointer6.obj
         "Debug\常量指针.obj"
         "Debug\指针的加减运算.obj"
         "Debug\指针的比较运算.obj"
         "Debug\指针的相减运算符.obj"
         "Debug\指针的赋值运算.obj"
         20150502.vcxproj -> E:\Users\YiN\Documents\GitHub\C---Learning-Test\20150502\Debug\20150502.exe
     1>Done Building Project "E:\Users\YiN\Documents\GitHub\C---Learning-Test\20150502\20150502\20150502.vcxproj" (Build target(s)).

Build succeeded.

Time Elapsed 00:00:03.07
